CRITICAL - 2023-09-24 08:49:16 --> Call to a member function tambahData() on null
in APPPATH\Controllers\MyController.php on line 14.
 1 SYSTEMPATH\CodeIgniter.php(919): App\Controllers\MyController->tambahData()
 2 SYSTEMPATH\CodeIgniter.php(494): CodeIgniter\CodeIgniter->runController(Object(App\Controllers\MyController))
 3 SYSTEMPATH\CodeIgniter.php(353): CodeIgniter\CodeIgniter->handleRequest(null, Object(Config\Cache), false)
 4 FCPATH\index.php(79): CodeIgniter\CodeIgniter->run()
CRITICAL - 2023-09-24 08:55:35 --> Call to a member function insert() on null
in APPPATH\Models\MyModel.php on line 26.
 1 APPPATH\Controllers\MyController.php(14): App\Models\MyModel->tambahData()
 2 SYSTEMPATH\CodeIgniter.php(919): App\Controllers\MyController->tambahData()
 3 SYSTEMPATH\CodeIgniter.php(494): CodeIgniter\CodeIgniter->runController(Object(App\Controllers\MyController))
 4 SYSTEMPATH\CodeIgniter.php(353): CodeIgniter\CodeIgniter->handleRequest(null, Object(Config\Cache), false)
 5 FCPATH\index.php(79): CodeIgniter\CodeIgniter->run()
CRITICAL - 2023-09-24 08:56:00 --> Call to a member function insert() on null
in APPPATH\Models\MyModel.php on line 26.
 1 APPPATH\Controllers\MyController.php(14): App\Models\MyModel->tambahData()
 2 SYSTEMPATH\CodeIgniter.php(919): App\Controllers\MyController->tambahData()
 3 SYSTEMPATH\CodeIgniter.php(494): CodeIgniter\CodeIgniter->runController(Object(App\Controllers\MyController))
 4 SYSTEMPATH\CodeIgniter.php(353): CodeIgniter\CodeIgniter->handleRequest(null, Object(Config\Cache), false)
 5 FCPATH\index.php(79): CodeIgniter\CodeIgniter->run()
CRITICAL - 2023-09-24 09:02:39 --> json_decode() expects parameter 1 to be string, array given
in APPPATH\Controllers\MyController.php on line 19.
 1 [internal function]: CodeIgniter\Debug\Exceptions->errorHandler(2, 'json_decode() expects parameter 1 to be string, array given', 'C:\\xampp\\htdocs\\myproject\\app\\Controllers\\MyController.php', 19, [...])
 2 APPPATH\Controllers\MyController.php(19): json_decode([...])
 3 SYSTEMPATH\CodeIgniter.php(919): App\Controllers\MyController->getData('1')
 4 SYSTEMPATH\CodeIgniter.php(494): CodeIgniter\CodeIgniter->runController(Object(App\Controllers\MyController))
 5 SYSTEMPATH\CodeIgniter.php(353): CodeIgniter\CodeIgniter->handleRequest(null, Object(Config\Cache), false)
 6 FCPATH\index.php(79): CodeIgniter\CodeIgniter->run()
CRITICAL - 2023-09-24 09:02:55 --> json_decode() expects parameter 1 to be string, array given
in APPPATH\Controllers\MyController.php on line 19.
 1 [internal function]: CodeIgniter\Debug\Exceptions->errorHandler(2, 'json_decode() expects parameter 1 to be string, array given', 'C:\\xampp\\htdocs\\myproject\\app\\Controllers\\MyController.php', 19, [...])
 2 APPPATH\Controllers\MyController.php(19): json_decode([...])
 3 SYSTEMPATH\CodeIgniter.php(919): App\Controllers\MyController->getData('1')
 4 SYSTEMPATH\CodeIgniter.php(494): CodeIgniter\CodeIgniter->runController(Object(App\Controllers\MyController))
 5 SYSTEMPATH\CodeIgniter.php(353): CodeIgniter\CodeIgniter->handleRequest(null, Object(Config\Cache), false)
 6 FCPATH\index.php(79): CodeIgniter\CodeIgniter->run()
CRITICAL - 2023-09-24 09:02:55 --> json_decode() expects parameter 1 to be string, array given
in APPPATH\Controllers\MyController.php on line 19.
 1 [internal function]: CodeIgniter\Debug\Exceptions->errorHandler(2, 'json_decode() expects parameter 1 to be string, array given', 'C:\\xampp\\htdocs\\myproject\\app\\Controllers\\MyController.php', 19, [...])
 2 APPPATH\Controllers\MyController.php(19): json_decode([...])
 3 SYSTEMPATH\CodeIgniter.php(919): App\Controllers\MyController->getData('1')
 4 SYSTEMPATH\CodeIgniter.php(494): CodeIgniter\CodeIgniter->runController(Object(App\Controllers\MyController))
 5 SYSTEMPATH\CodeIgniter.php(353): CodeIgniter\CodeIgniter->handleRequest(null, Object(Config\Cache), false)
 6 FCPATH\index.php(79): CodeIgniter\CodeIgniter->run()
CRITICAL - 2023-09-24 09:02:55 --> json_decode() expects parameter 1 to be string, array given
in APPPATH\Controllers\MyController.php on line 19.
 1 [internal function]: CodeIgniter\Debug\Exceptions->errorHandler(2, 'json_decode() expects parameter 1 to be string, array given', 'C:\\xampp\\htdocs\\myproject\\app\\Controllers\\MyController.php', 19, [...])
 2 APPPATH\Controllers\MyController.php(19): json_decode([...])
 3 SYSTEMPATH\CodeIgniter.php(919): App\Controllers\MyController->getData('1')
 4 SYSTEMPATH\CodeIgniter.php(494): CodeIgniter\CodeIgniter->runController(Object(App\Controllers\MyController))
 5 SYSTEMPATH\CodeIgniter.php(353): CodeIgniter\CodeIgniter->handleRequest(null, Object(Config\Cache), false)
 6 FCPATH\index.php(79): CodeIgniter\CodeIgniter->run()
CRITICAL - 2023-09-24 09:02:56 --> json_decode() expects parameter 1 to be string, array given
in APPPATH\Controllers\MyController.php on line 19.
 1 [internal function]: CodeIgniter\Debug\Exceptions->errorHandler(2, 'json_decode() expects parameter 1 to be string, array given', 'C:\\xampp\\htdocs\\myproject\\app\\Controllers\\MyController.php', 19, [...])
 2 APPPATH\Controllers\MyController.php(19): json_decode([...])
 3 SYSTEMPATH\CodeIgniter.php(919): App\Controllers\MyController->getData('1')
 4 SYSTEMPATH\CodeIgniter.php(494): CodeIgniter\CodeIgniter->runController(Object(App\Controllers\MyController))
 5 SYSTEMPATH\CodeIgniter.php(353): CodeIgniter\CodeIgniter->handleRequest(null, Object(Config\Cache), false)
 6 FCPATH\index.php(79): CodeIgniter\CodeIgniter->run()
CRITICAL - 2023-09-24 09:03:15 --> json_decode() expects parameter 1 to be string, array given
in APPPATH\Controllers\MyController.php on line 19.
 1 [internal function]: CodeIgniter\Debug\Exceptions->errorHandler(2, 'json_decode() expects parameter 1 to be string, array given', 'C:\\xampp\\htdocs\\myproject\\app\\Controllers\\MyController.php', 19, [...])
 2 APPPATH\Controllers\MyController.php(19): json_decode([...])
 3 SYSTEMPATH\CodeIgniter.php(919): App\Controllers\MyController->getData('1')
 4 SYSTEMPATH\CodeIgniter.php(494): CodeIgniter\CodeIgniter->runController(Object(App\Controllers\MyController))
 5 SYSTEMPATH\CodeIgniter.php(353): CodeIgniter\CodeIgniter->handleRequest(null, Object(Config\Cache), false)
 6 FCPATH\index.php(79): CodeIgniter\CodeIgniter->run()
CRITICAL - 2023-09-24 09:03:16 --> json_decode() expects parameter 1 to be string, array given
in APPPATH\Controllers\MyController.php on line 19.
 1 [internal function]: CodeIgniter\Debug\Exceptions->errorHandler(2, 'json_decode() expects parameter 1 to be string, array given', 'C:\\xampp\\htdocs\\myproject\\app\\Controllers\\MyController.php', 19, [...])
 2 APPPATH\Controllers\MyController.php(19): json_decode([...])
 3 SYSTEMPATH\CodeIgniter.php(919): App\Controllers\MyController->getData('1')
 4 SYSTEMPATH\CodeIgniter.php(494): CodeIgniter\CodeIgniter->runController(Object(App\Controllers\MyController))
 5 SYSTEMPATH\CodeIgniter.php(353): CodeIgniter\CodeIgniter->handleRequest(null, Object(Config\Cache), false)
 6 FCPATH\index.php(79): CodeIgniter\CodeIgniter->run()
CRITICAL - 2023-09-24 09:04:03 --> json_decode() expects parameter 1 to be string, array given
in APPPATH\Controllers\MyController.php on line 19.
 1 [internal function]: CodeIgniter\Debug\Exceptions->errorHandler(2, 'json_decode() expects parameter 1 to be string, array given', 'C:\\xampp\\htdocs\\myproject\\app\\Controllers\\MyController.php', 19, [...])
 2 APPPATH\Controllers\MyController.php(19): json_decode([...])
 3 SYSTEMPATH\CodeIgniter.php(919): App\Controllers\MyController->getData('1')
 4 SYSTEMPATH\CodeIgniter.php(494): CodeIgniter\CodeIgniter->runController(Object(App\Controllers\MyController))
 5 SYSTEMPATH\CodeIgniter.php(353): CodeIgniter\CodeIgniter->handleRequest(null, Object(Config\Cache), false)
 6 FCPATH\index.php(79): CodeIgniter\CodeIgniter->run()
CRITICAL - 2023-09-24 09:05:49 --> Call to undefined method CodeIgniter\Database\MySQLi\Connection::where()
in APPPATH\Models\MyModel.php on line 32.
 1 APPPATH\Controllers\MyController.php(18): App\Models\MyModel->getData('1')
 2 SYSTEMPATH\CodeIgniter.php(919): App\Controllers\MyController->getData('1')
 3 SYSTEMPATH\CodeIgniter.php(494): CodeIgniter\CodeIgniter->runController(Object(App\Controllers\MyController))
 4 SYSTEMPATH\CodeIgniter.php(353): CodeIgniter\CodeIgniter->handleRequest(null, Object(Config\Cache), false)
 5 FCPATH\index.php(79): CodeIgniter\CodeIgniter->run()
CRITICAL - 2023-09-24 12:06:08 --> count(): Parameter must be an array or an object that implements Countable
in APPPATH\Views\myview.php on line 34.
 1 APPPATH\Views\myview.php(34): CodeIgniter\Debug\Exceptions->errorHandler(2, 'count(): Parameter must be an array or an object that implements Countable', 'C:\\xampp\\htdocs\\myproject\\app\\Views\\myview.php', 34, [...])
 2 SYSTEMPATH\View\View.php(226): include('C:\\xampp\\htdocs\\myproject\\app\\Views\\myview.php')
 3 SYSTEMPATH\View\View.php(229): CodeIgniter\View\View->CodeIgniter\View\{closure}()
 4 SYSTEMPATH\Common.php(1188): CodeIgniter\View\View->render('myview', [], true)
 5 APPPATH\Controllers\MyController.php(12): view('myview', [...])
 6 SYSTEMPATH\CodeIgniter.php(919): App\Controllers\MyController->myView()
 7 SYSTEMPATH\CodeIgniter.php(494): CodeIgniter\CodeIgniter->runController(Object(App\Controllers\MyController))
 8 SYSTEMPATH\CodeIgniter.php(353): CodeIgniter\CodeIgniter->handleRequest(null, Object(Config\Cache), false)
 9 FCPATH\index.php(79): CodeIgniter\CodeIgniter->run()
CRITICAL - 2023-09-24 12:07:22 --> count(): Parameter must be an array or an object that implements Countable
in APPPATH\Views\myview.php on line 34.
 1 APPPATH\Views\myview.php(34): CodeIgniter\Debug\Exceptions->errorHandler(2, 'count(): Parameter must be an array or an object that implements Countable', 'C:\\xampp\\htdocs\\myproject\\app\\Views\\myview.php', 34, [...])
 2 SYSTEMPATH\View\View.php(226): include('C:\\xampp\\htdocs\\myproject\\app\\Views\\myview.php')
 3 SYSTEMPATH\View\View.php(229): CodeIgniter\View\View->CodeIgniter\View\{closure}()
 4 SYSTEMPATH\Common.php(1188): CodeIgniter\View\View->render('myview', [], true)
 5 APPPATH\Controllers\MyController.php(12): view('myview', [...])
 6 SYSTEMPATH\CodeIgniter.php(919): App\Controllers\MyController->myView()
 7 SYSTEMPATH\CodeIgniter.php(494): CodeIgniter\CodeIgniter->runController(Object(App\Controllers\MyController))
 8 SYSTEMPATH\CodeIgniter.php(353): CodeIgniter\CodeIgniter->handleRequest(null, Object(Config\Cache), false)
 9 FCPATH\index.php(79): CodeIgniter\CodeIgniter->run()
CRITICAL - 2023-09-24 12:08:21 --> syntax error, unexpected 'endif' (T_ENDIF), expecting end of file
in APPPATH\Views\myview.php on line 44.
 1 SYSTEMPATH\View\View.php(229): CodeIgniter\View\View->CodeIgniter\View\{closure}()
 2 SYSTEMPATH\Common.php(1188): CodeIgniter\View\View->render('myview', [], true)
 3 APPPATH\Controllers\MyController.php(12): view('myview', [...])
 4 SYSTEMPATH\CodeIgniter.php(919): App\Controllers\MyController->myView()
 5 SYSTEMPATH\CodeIgniter.php(494): CodeIgniter\CodeIgniter->runController(Object(App\Controllers\MyController))
 6 SYSTEMPATH\CodeIgniter.php(353): CodeIgniter\CodeIgniter->handleRequest(null, Object(Config\Cache), false)
 7 FCPATH\index.php(79): CodeIgniter\CodeIgniter->run()
